[2025-04-11 23:52:15] ERROR: uncaughtException: authenticateJWT is not defined
ReferenceError: authenticateJWT is not defined
    at Object.<anonymous> (C:\Users\Neto\Desktop\Gerenciamento de Projetos\LIFE-FIT-BOOSTED\backend\routes\user_routes.js:17:25)
    at Module._compile (node:internal/modules/cjs/loader:1554:14)
    at Object..js (node:internal/modules/cjs/loader:1706:10)
    at Module.load (node:internal/modules/cjs/loader:1289:32)
    at Function._load (node:internal/modules/cjs/loader:1108:12)
    at TracingChannel.traceSync (node:diagnostics_channel:322:14)
    at wrapModuleLoad (node:internal/modules/cjs/loader:220:24)
    at Module.require (node:internal/modules/cjs/loader:1311:12)
    at require (node:internal/modules/helpers:136:16)
    at Object.<anonymous> (C:\Users\Neto\Desktop\Gerenciamento de Projetos\LIFE-FIT-BOOSTED\server.js:5:20)
[2025-04-11 23:52:28] ERROR: uncaughtException: authenticateJWT is not defined
ReferenceError: authenticateJWT is not defined
    at Object.<anonymous> (C:\Users\Neto\Desktop\Gerenciamento de Projetos\LIFE-FIT-BOOSTED\backend\routes\user_routes.js:17:25)
    at Module._compile (node:internal/modules/cjs/loader:1554:14)
    at Object..js (node:internal/modules/cjs/loader:1706:10)
    at Module.load (node:internal/modules/cjs/loader:1289:32)
    at Function._load (node:internal/modules/cjs/loader:1108:12)
    at TracingChannel.traceSync (node:diagnostics_channel:322:14)
    at wrapModuleLoad (node:internal/modules/cjs/loader:220:24)
    at Module.require (node:internal/modules/cjs/loader:1311:12)
    at require (node:internal/modules/helpers:136:16)
    at Object.<anonymous> (C:\Users\Neto\Desktop\Gerenciamento de Projetos\LIFE-FIT-BOOSTED\server.js:5:20)
[2025-04-12 00:03:42] ERROR: uncaughtException: authenticateJWT is not defined
ReferenceError: authenticateJWT is not defined
    at Object.<anonymous> (C:\Users\Neto\Desktop\Gerenciamento de Projetos\LIFE-FIT-BOOSTED\backend\routes\user_routes.js:17:25)
    at Module._compile (node:internal/modules/cjs/loader:1554:14)
    at Object..js (node:internal/modules/cjs/loader:1706:10)
    at Module.load (node:internal/modules/cjs/loader:1289:32)
    at Function._load (node:internal/modules/cjs/loader:1108:12)
    at TracingChannel.traceSync (node:diagnostics_channel:322:14)
    at wrapModuleLoad (node:internal/modules/cjs/loader:220:24)
    at Module.require (node:internal/modules/cjs/loader:1311:12)
    at require (node:internal/modules/helpers:136:16)
    at Object.<anonymous> (C:\Users\Neto\Desktop\Gerenciamento de Projetos\LIFE-FIT-BOOSTED\server.js:5:20)
[2025-04-12 00:03:52] ERROR: uncaughtException: authenticateJWT is not defined
ReferenceError: authenticateJWT is not defined
    at Object.<anonymous> (C:\Users\Neto\Desktop\Gerenciamento de Projetos\LIFE-FIT-BOOSTED\backend\routes\user_routes.js:17:25)
    at Module._compile (node:internal/modules/cjs/loader:1554:14)
    at Object..js (node:internal/modules/cjs/loader:1706:10)
    at Module.load (node:internal/modules/cjs/loader:1289:32)
    at Function._load (node:internal/modules/cjs/loader:1108:12)
    at TracingChannel.traceSync (node:diagnostics_channel:322:14)
    at wrapModuleLoad (node:internal/modules/cjs/loader:220:24)
    at Module.require (node:internal/modules/cjs/loader:1311:12)
    at require (node:internal/modules/helpers:136:16)
    at Object.<anonymous> (C:\Users\Neto\Desktop\Gerenciamento de Projetos\LIFE-FIT-BOOSTED\server.js:5:20)
[2025-04-12 00:04:43] ERROR: uncaughtException: authenticateJWT is not defined
ReferenceError: authenticateJWT is not defined
    at Object.<anonymous> (C:\Users\Neto\Desktop\Gerenciamento de Projetos\LIFE-FIT-BOOSTED\backend\routes\user_routes.js:17:25)
    at Module._compile (node:internal/modules/cjs/loader:1554:14)
    at Object..js (node:internal/modules/cjs/loader:1706:10)
    at Module.load (node:internal/modules/cjs/loader:1289:32)
    at Function._load (node:internal/modules/cjs/loader:1108:12)
    at TracingChannel.traceSync (node:diagnostics_channel:322:14)
    at wrapModuleLoad (node:internal/modules/cjs/loader:220:24)
    at Module.require (node:internal/modules/cjs/loader:1311:12)
    at require (node:internal/modules/helpers:136:16)
    at Object.<anonymous> (C:\Users\Neto\Desktop\Gerenciamento de Projetos\LIFE-FIT-BOOSTED\server.js:5:20)
[2025-04-12 00:55:08] ERROR: uncaughtException: authenticateJWT is not defined
ReferenceError: authenticateJWT is not defined
    at Object.<anonymous> (C:\Users\Neto\Desktop\Gerenciamento de Projetos\LIFE-FIT-BOOSTED\backend\routes\user_routes.js:17:25)
    at Module._compile (node:internal/modules/cjs/loader:1554:14)
    at Object..js (node:internal/modules/cjs/loader:1706:10)
    at Module.load (node:internal/modules/cjs/loader:1289:32)
    at Function._load (node:internal/modules/cjs/loader:1108:12)
    at TracingChannel.traceSync (node:diagnostics_channel:322:14)
    at wrapModuleLoad (node:internal/modules/cjs/loader:220:24)
    at Module.require (node:internal/modules/cjs/loader:1311:12)
    at require (node:internal/modules/helpers:136:16)
    at Object.<anonymous> (C:\Users\Neto\Desktop\Gerenciamento de Projetos\LIFE-FIT-BOOSTED\server.js:5:20)
[2025-04-12 01:03:16] ERROR: uncaughtException: authenticateJWT is not defined
ReferenceError: authenticateJWT is not defined
    at Object.<anonymous> (C:\Users\Neto\Desktop\Gerenciamento de Projetos\LIFE-FIT-BOOSTED\backend\routes\user_routes.js:17:25)
    at Module._compile (node:internal/modules/cjs/loader:1554:14)
    at Object..js (node:internal/modules/cjs/loader:1706:10)
    at Module.load (node:internal/modules/cjs/loader:1289:32)
    at Function._load (node:internal/modules/cjs/loader:1108:12)
    at TracingChannel.traceSync (node:diagnostics_channel:322:14)
    at wrapModuleLoad (node:internal/modules/cjs/loader:220:24)
    at Module.require (node:internal/modules/cjs/loader:1311:12)
    at require (node:internal/modules/helpers:136:16)
    at Object.<anonymous> (C:\Users\Neto\Desktop\Gerenciamento de Projetos\LIFE-FIT-BOOSTED\server.js:5:20)
[2025-04-12 01:08:20] ERROR: uncaughtException: authenticateJWT is not defined
ReferenceError: authenticateJWT is not defined
    at Object.<anonymous> (C:\Users\Neto\Desktop\Gerenciamento de Projetos\LIFE-FIT-BOOSTED\backend\routes\user_routes.js:17:25)
    at Module._compile (node:internal/modules/cjs/loader:1554:14)
    at Object..js (node:internal/modules/cjs/loader:1706:10)
    at Module.load (node:internal/modules/cjs/loader:1289:32)
    at Function._load (node:internal/modules/cjs/loader:1108:12)
    at TracingChannel.traceSync (node:diagnostics_channel:322:14)
    at wrapModuleLoad (node:internal/modules/cjs/loader:220:24)
    at Module.require (node:internal/modules/cjs/loader:1311:12)
    at require (node:internal/modules/helpers:136:16)
    at Object.<anonymous> (C:\Users\Neto\Desktop\Gerenciamento de Projetos\LIFE-FIT-BOOSTED\server.js:5:20)
[2025-04-12 01:11:37] ERROR: uncaughtException: authenticateJWT is not defined
ReferenceError: authenticateJWT is not defined
    at Object.<anonymous> (C:\Users\Neto\Desktop\Gerenciamento de Projetos\LIFE-FIT-BOOSTED\backend\routes\user_routes.js:17:25)
    at Module._compile (node:internal/modules/cjs/loader:1554:14)
    at Object..js (node:internal/modules/cjs/loader:1706:10)
    at Module.load (node:internal/modules/cjs/loader:1289:32)
    at Function._load (node:internal/modules/cjs/loader:1108:12)
    at TracingChannel.traceSync (node:diagnostics_channel:322:14)
    at wrapModuleLoad (node:internal/modules/cjs/loader:220:24)
    at Module.require (node:internal/modules/cjs/loader:1311:12)
    at require (node:internal/modules/helpers:136:16)
    at Object.<anonymous> (C:\Users\Neto\Desktop\Gerenciamento de Projetos\LIFE-FIT-BOOSTED\server.js:5:20)
[2025-04-12 01:12:46] ERROR: uncaughtException: authenticateJWT is not defined
ReferenceError: authenticateJWT is not defined
    at Object.<anonymous> (C:\Users\Neto\Desktop\Gerenciamento de Projetos\LIFE-FIT-BOOSTED\backend\routes\user_routes.js:17:25)
    at Module._compile (node:internal/modules/cjs/loader:1554:14)
    at Object..js (node:internal/modules/cjs/loader:1706:10)
    at Module.load (node:internal/modules/cjs/loader:1289:32)
    at Function._load (node:internal/modules/cjs/loader:1108:12)
    at TracingChannel.traceSync (node:diagnostics_channel:322:14)
    at wrapModuleLoad (node:internal/modules/cjs/loader:220:24)
    at Module.require (node:internal/modules/cjs/loader:1311:12)
    at require (node:internal/modules/helpers:136:16)
    at Object.<anonymous> (C:\Users\Neto\Desktop\Gerenciamento de Projetos\LIFE-FIT-BOOSTED\server.js:5:20)
[2025-04-12 01:16:42] ERROR: uncaughtException: authenticateJWT is not defined
ReferenceError: authenticateJWT is not defined
    at Object.<anonymous> (C:\Users\Neto\Desktop\Gerenciamento de Projetos\LIFE-FIT-BOOSTED\backend\routes\user_routes.js:17:25)
    at Module._compile (node:internal/modules/cjs/loader:1554:14)
    at Object..js (node:internal/modules/cjs/loader:1706:10)
    at Module.load (node:internal/modules/cjs/loader:1289:32)
    at Function._load (node:internal/modules/cjs/loader:1108:12)
    at TracingChannel.traceSync (node:diagnostics_channel:322:14)
    at wrapModuleLoad (node:internal/modules/cjs/loader:220:24)
    at Module.require (node:internal/modules/cjs/loader:1311:12)
    at require (node:internal/modules/helpers:136:16)
    at Object.<anonymous> (C:\Users\Neto\Desktop\Gerenciamento de Projetos\LIFE-FIT-BOOSTED\server.js:5:20)
[2025-04-12 01:19:18] ERROR: uncaughtException: authenticateJWT is not defined
ReferenceError: authenticateJWT is not defined
    at Object.<anonymous> (C:\Users\Neto\Desktop\Gerenciamento de Projetos\LIFE-FIT-BOOSTED\backend\routes\user_routes.js:17:25)
    at Module._compile (node:internal/modules/cjs/loader:1554:14)
    at Object..js (node:internal/modules/cjs/loader:1706:10)
    at Module.load (node:internal/modules/cjs/loader:1289:32)
    at Function._load (node:internal/modules/cjs/loader:1108:12)
    at TracingChannel.traceSync (node:diagnostics_channel:322:14)
    at wrapModuleLoad (node:internal/modules/cjs/loader:220:24)
    at Module.require (node:internal/modules/cjs/loader:1311:12)
    at require (node:internal/modules/helpers:136:16)
    at Object.<anonymous> (C:\Users\Neto\Desktop\Gerenciamento de Projetos\LIFE-FIT-BOOSTED\server.js:5:20)
[2025-04-12 01:19:55] ERROR: uncaughtException: authenticateJWT is not defined
ReferenceError: authenticateJWT is not defined
    at Object.<anonymous> (C:\Users\Neto\Desktop\Gerenciamento de Projetos\LIFE-FIT-BOOSTED\backend\routes\user_routes.js:17:25)
    at Module._compile (node:internal/modules/cjs/loader:1554:14)
    at Object..js (node:internal/modules/cjs/loader:1706:10)
    at Module.load (node:internal/modules/cjs/loader:1289:32)
    at Function._load (node:internal/modules/cjs/loader:1108:12)
    at TracingChannel.traceSync (node:diagnostics_channel:322:14)
    at wrapModuleLoad (node:internal/modules/cjs/loader:220:24)
    at Module.require (node:internal/modules/cjs/loader:1311:12)
    at require (node:internal/modules/helpers:136:16)
    at Object.<anonymous> (C:\Users\Neto\Desktop\Gerenciamento de Projetos\LIFE-FIT-BOOSTED\server.js:5:20)
[2025-04-12 01:30:46] ERROR: uncaughtException: authenticateJWT is not defined
ReferenceError: authenticateJWT is not defined
    at Object.<anonymous> (C:\Users\Neto\Desktop\Gerenciamento de Projetos\LIFE-FIT-BOOSTED\backend\routes\user_routes.js:17:25)
    at Module._compile (node:internal/modules/cjs/loader:1554:14)
    at Object..js (node:internal/modules/cjs/loader:1706:10)
    at Module.load (node:internal/modules/cjs/loader:1289:32)
    at Function._load (node:internal/modules/cjs/loader:1108:12)
    at TracingChannel.traceSync (node:diagnostics_channel:322:14)
    at wrapModuleLoad (node:internal/modules/cjs/loader:220:24)
    at Module.require (node:internal/modules/cjs/loader:1311:12)
    at require (node:internal/modules/helpers:136:16)
    at Object.<anonymous> (C:\Users\Neto\Desktop\Gerenciamento de Projetos\LIFE-FIT-BOOSTED\server.js:5:20)
[2025-04-12 01:31:10] ERROR: uncaughtException: authenticateJWT is not defined
ReferenceError: authenticateJWT is not defined
    at Object.<anonymous> (C:\Users\Neto\Desktop\Gerenciamento de Projetos\LIFE-FIT-BOOSTED\backend\routes\user_routes.js:17:25)
    at Module._compile (node:internal/modules/cjs/loader:1554:14)
    at Object..js (node:internal/modules/cjs/loader:1706:10)
    at Module.load (node:internal/modules/cjs/loader:1289:32)
    at Function._load (node:internal/modules/cjs/loader:1108:12)
    at TracingChannel.traceSync (node:diagnostics_channel:322:14)
    at wrapModuleLoad (node:internal/modules/cjs/loader:220:24)
    at Module.require (node:internal/modules/cjs/loader:1311:12)
    at require (node:internal/modules/helpers:136:16)
    at Object.<anonymous> (C:\Users\Neto\Desktop\Gerenciamento de Projetos\LIFE-FIT-BOOSTED\server.js:13:20)
