[2025-04-12 11:02:03] ERROR: Erro ao criar usuário: client is not defined
[2025-04-12 11:05:32] ERROR: Erro ao criar usuário: client is not defined
[2025-04-12 11:07:57] ERROR: Erro ao criar usuário: client is not defined
[2025-04-12 11:10:49] ERROR: Erro ao criar usuário: User validation failed: heigth: Path `heigth` is required., weigth: Path `weigth` is required.
[2025-04-12 11:12:19] ERROR: Erro ao criar usuário: User validation failed: heigth: Path `heigth` is required., weigth: Path `weigth` is required.
[2025-04-12 11:13:00] INFO: Usuário de nome Matheus Coelho e email matheusnb19@gmail.com criado com sucesso!
[2025-04-12 11:53:49] INFO: Usuário de nome Francisco das Chagas e email medeirosfrancisco0407@gmail.com criado com sucesso!
[2025-04-12 12:05:57] INFO: Usuário de nome Francisco das Chagas e email medeirosfrancisco0407@gmail.com criado com sucesso!
[2025-04-12 12:06:37] INFO: Usuário de nome Francisco das Chagas e email medeirosfrancisco0407@gmail.com criado com sucesso!
[2025-04-12 12:27:18] ERROR: Erro ao criar usuário: E11000 duplicate key error collection: test.users index: number_1 dup key: { number: "83999714969" }
[2025-04-12 12:27:42] INFO: Usuário de nome Matheus Coelho e email matheusnb19@gmail.com criado com sucesso!
[2025-04-12 12:31:09] INFO: Usuário de nome Kaio Vinícius e email kaiovbatista19@gmail.com criado com sucesso!
[2025-04-15 16:29:53] INFO: Usuário de nome Eros F S Felix e email test123@gmail.com criado com sucesso!
[2025-04-15 16:40:18] INFO: Usuário de nome Eros F S Felix e email test124@gmail.com criado com sucesso!
[2025-04-15 16:46:55] INFO: Usuário de nome Francisco das Chagas  e email test125@gmail.com criado com sucesso!
[2025-04-15 17:05:23] INFO: Usuário de nome Francisco das Chagas  e email test31@servidor.uepb.edu.br criado com sucesso!
[2025-04-15 18:04:40] INFO: Usuário de nome Kaio Final e email kaio@gmail.com criado com sucesso!
[2025-05-01 17:36:56] INFO: Sucesso no login para usuário com credencial gfo2130626@email.com.
[2025-05-01 17:39:46] WARN: Senha inválida para o usuário com credencial kaiovbatista19@gmail.com.
[2025-05-01 17:40:22] WARN: Usuário com credencial kaiovbatista1@gmail.com não encontrado.
[2025-05-01 17:40:35] INFO: Sucesso no login para usuário com credencial kaiovbatista19@gmail.com.
[2025-05-01 19:51:39] WARN: Senha inválida para o usuário com credencial test123@gmail.com.
[2025-05-01 19:53:52] INFO: Sucesso no login para usuário com credencial test123@gmail.com.
[2025-05-01 19:54:56] INFO: Sucesso no login para usuário com credencial test123@gmail.com.
[2025-05-01 19:56:07] WARN: Usuário com credencial eros@gmail.com não encontrado.
[2025-05-01 19:56:24] WARN: Usuário com credencial eros@gmail.com não encontrado.
[2025-05-01 19:56:55] WARN: Senha inválida para o usuário com credencial test123@gmail.com.
[2025-05-06 16:20:53] WARN: Senha inválida para o usuário com credencial test123@gmail.com.
[2025-05-06 16:22:10] WARN: Senha inválida para o usuário com credencial test123@gmail.com.
[2025-05-06 16:23:10] WARN: Senha inválida para o usuário com credencial test123@gmail.com.
[2025-05-06 16:23:51] WARN: Senha inválida para o usuário com credencial matheusnb19@gmail.com.
[2025-05-06 16:25:26] WARN: Senha inválida para o usuário com credencial matheusnb19@gmail.com.
[2025-05-06 16:29:02] INFO: Sucesso no login para usuário com credencial gfo2130626@email.com.
[2025-05-06 16:32:56] INFO: Sucesso no login para usuário com credencial gfo2130626@email.com.
[2025-05-06 16:34:20] INFO: Sucesso no login para usuário com credencial gfo2130626@email.com.
[2025-05-06 16:35:53] INFO: Sucesso no login para usuário com credencial gfo2130626@email.com.
[2025-05-06 17:18:20] INFO: Sucesso no login para usuário com credencial gfo2130626@email.com.
[2025-05-06 17:51:40] INFO: Sucesso no login para usuário com credencial gfo2130626@email.com.
[2025-05-06 18:05:07] INFO: Solicitação de SET de split para usuário: 67fda36f813d3bac571366a2
[2025-05-06 18:05:07] INFO: Split definido com sucesso para usuário: 67fda36f813d3bac571366a2
[2025-05-06 18:06:11] INFO: Solicitação de SET de split para usuário: 67fda36f813d3bac571366a2
[2025-05-06 18:06:11] WARN: Usuário 67fda36f813d3bac571366a2 já possui split definido.
[2025-05-06 18:06:16] INFO: Solicitação de SET de split para usuário: 67fda36f813d3bac571366a2
[2025-05-06 18:06:16] WARN: Usuário 67fda36f813d3bac571366a2 já possui split definido.
[2025-05-06 18:09:29] INFO: Solicitação de SET de split para usuário: 67fda36f813d3bac571366a2
[2025-05-06 18:09:29] WARN: Usuário 67fda36f813d3bac571366a2 já possui split definido.
[2025-05-06 18:10:19] INFO: Solicitação de SET de split para usuário: 67fda36f813d3bac571366a2
[2025-05-06 18:10:19] WARN: Usuário 67fda36f813d3bac571366a2 já possui split definido.
[2025-05-06 18:11:21] INFO: Solicitação de SET de split para usuário: 67fda36f813d3bac571366a2
[2025-05-06 18:11:21] WARN: Usuário 67fda36f813d3bac571366a2 já possui split definido.
[2025-05-06 18:14:09] INFO: Solicitação de SET de split para usuário: 67fda36f813d3bac571366a2
[2025-05-06 18:14:09] WARN: Usuário 67fda36f813d3bac571366a2 já possui split definido.
[2025-05-06 19:12:30] INFO: Sucesso no login para usuário com credencial gfo2130626@email.com.
[2025-05-06 19:42:51] INFO: Solicitação de SET de split para usuário: 67fda36f813d3bac571366a2
[2025-05-06 19:42:51] WARN: Divisão inválida recebida: 
[2025-05-06 19:43:31] INFO: Solicitação de SET de split para usuário: 67fda36f813d3bac571366a2
[2025-05-06 19:43:31] WARN: Divisão inválida recebida: 
[2025-05-06 19:46:49] INFO: Solicitação de SET de split para usuário: 67fda36f813d3bac571366a2
[2025-05-06 19:46:49] WARN: Usuário 67fda36f813d3bac571366a2 já possui split definido.
[2025-05-06 19:47:05] INFO: Solicitação de SET de split para usuário: 67fda36f813d3bac571366a2
[2025-05-06 19:47:05] WARN: Divisão inválida recebida: 
[2025-05-06 20:01:02] ERROR: Erro ao criar usuário: User validation failed: training_split: Path `training_split` is required.
[2025-05-06 20:02:22] ERROR: Erro ao criar usuário: User validation failed: training_split: Path `training_split` is required.
[2025-05-06 20:03:35] ERROR: Erro ao criar usuário: User validation failed: training_split: Path `training_split` is required.
[2025-05-06 20:06:03] ERROR: Erro ao criar usuário: User validation failed: training_split: Path `training_split` is required.
[2025-05-06 20:09:10] INFO: Usuário de nome Eros Franklin Soares Felix e email eros123@gmail.com criado com sucesso!
[2025-05-06 20:10:00] INFO: Sucesso no login para usuário com credencial eros123@gmail.com.
[2025-05-06 20:10:15] INFO: Solicitação de SET de split para usuário: 681a969544470942599fb226
[2025-05-06 20:10:15] INFO: Split definido com sucesso para usuário: 681a969544470942599fb226
[2025-05-06 20:10:31] INFO: Solicitação de SET de split para usuário: 681a969544470942599fb226
[2025-05-06 20:10:31] WARN: Usuário 681a969544470942599fb226 já possui split definido.
[2025-05-06 20:14:52] INFO: SET training_days para usuário: 681a969544470942599fb226
[2025-05-06 20:14:52] INFO: Dias de treino definidos para usuário 681a969544470942599fb226: segunda,quarta,sexta
[2025-05-06 20:18:19] INFO: Sucesso no login para usuário com credencial eros123@gmail.com.
